[2m2025-05-27T06:28:42.530245Z[0m [32m INFO[0m [2mnemscraper[0m[2m:[0m startup
[2m2025-05-27T06:28:44.519332Z[0m [32m INFO[0m [2mnemscraper[0m[2m:[0m initial schema fetch → assets/schemas
[2m2025-05-27T06:28:48.076392Z[0m [32m INFO[0m [1mfetch_all[0m[2m:[0m [2mnemscraper::schema::fetch[0m[2m:[0m close [3mtime.busy[0m[2m=[0m75.7ms [3mtime.idle[0m[2m=[0m3.48s
[2m2025-05-27T06:28:48.183926Z[0m [32m INFO[0m [2mnemscraper[0m[2m:[0m scheduler tick
[2m2025-05-27T06:28:48.183963Z[0m [32m INFO[0m [2mnemscraper[0m[2m:[0m fetch schemas → assets/schemas
[2m2025-05-27T06:28:48.184874Z[0m [32m INFO[0m [2mnemscraper[0m[2m:[0m processing PUBLIC_P5MINFCST_202504051416_0000000457913219.zip
[2m2025-05-27T06:28:48.187760Z[0m [32m INFO[0m [1msplit_zip_to_parquet[0m[1m{[0m[3mzip[0m[2m=[0massets/zips/PUBLIC_P5MINFCST_202504051416_0000000457913219.zip[1m}[0m[2m:[0m [2mnemscraper::process::split[0m[2m:[0m starting split_zip_to_parquet
[2m2025-05-27T06:28:48.189198Z[0m [32m INFO[0m [2mnemscraper::process::chunk[0m[2m:[0m splitting into chunks [3mtable[0m[2m=[0mPUBLIC_P5MINFCST_202504051416_0000000457913219.CSV [3mschema[0m[2m=[0mP5MIN_FCAS_REQ_RUN [3mrows[0m[2m=[0m1
[2m2025-05-27T06:28:48.189385Z[0m [32m INFO[0m [2mnemscraper::process::chunk[0m[2m:[0m splitting into chunks [3mtable[0m[2m=[0mPUBLIC_P5MINFCST_202504051416_0000000457913219.CSV [3mschema[0m[2m=[0mP5MIN_FCAS_REQ_CONSTRAINT [3mrows[0m[2m=[0m6612
[2m2025-05-27T06:28:48.190073Z[0m [32m INFO[0m [2mnemscraper::process::chunk[0m[2m:[0m processed file [3mtable[0m[2m=[0mPUBLIC_P5MINFCST_202504051416_0000000457913219.CSV [3mschema[0m[2m=[0mP5MIN_FCAS_REQ_RUN [3mrows[0m[2m=[0m1
[2m2025-05-27T06:28:48.196953Z[0m [32m INFO[0m [2mnemscraper::process::chunk[0m[2m:[0m processed file [3mtable[0m[2m=[0mPUBLIC_P5MINFCST_202504051416_0000000457913219.CSV [3mschema[0m[2m=[0mP5MIN_FCAS_REQ_CONSTRAINT [3mrows[0m[2m=[0m6612
[2m2025-05-27T06:28:48.196993Z[0m [32m INFO[0m [1msplit_zip_to_parquet[0m[1m{[0m[3mzip[0m[2m=[0massets/zips/PUBLIC_P5MINFCST_202504051416_0000000457913219.zip[1m}[0m[2m:[0m [2mnemscraper::process::split[0m[2m:[0m close [3mtime.busy[0m[2m=[0m11.6ms [3mtime.idle[0m[2m=[0m1.45µs
[2m2025-05-27T06:28:48.211391Z[0m [32m INFO[0m [2mnemscraper[0m[2m:[0m deleted zip PUBLIC_P5MINFCST_202504051416_0000000457913219.zip
[2m2025-05-27T06:28:51.006404Z[0m [32m INFO[0m [1mfetch_all[0m[2m:[0m [2mnemscraper::schema::fetch[0m[2m:[0m close [3mtime.busy[0m[2m=[0m71.0ms [3mtime.idle[0m[2m=[0m2.89s
[2m2025-05-27T06:29:11.381531Z[0m [32m INFO[0m [2mnemscraper[0m[2m:[0m scheduler tick
[2m2025-05-27T06:29:11.381613Z[0m [32m INFO[0m [2mnemscraper[0m[2m:[0m fetch schemas → assets/schemas
[2m2025-05-27T06:29:11.382863Z[0m [32m INFO[0m [2mnemscraper[0m[2m:[0m downloading https://nemweb.com.au/Reports/Current/P5MINFCST/PUBLIC_P5MINFCST_202505111645_0000000462854667.zip [3mname[0m[2m=[0mPUBLIC_P5MINFCST_202505111645_0000000462854667.zip
[2m2025-05-27T06:29:11.689378Z[0m [32m INFO[0m [2mnemscraper[0m[2m:[0m downloading https://nemweb.com.au/Reports/Current/PredispatchIS_Reports/PUBLIC_PREDISPATCHIS_202505171000_20250517093215.zip [3mname[0m[2m=[0mPUBLIC_PREDISPATCHIS_202505171000_20250517093215.zip
[2m2025-05-27T06:29:11.690152Z[0m [32m INFO[0m [2mnemscraper[0m[2m:[0m processing PUBLIC_P5MINFCST_202505111645_0000000462854667.zip
[2m2025-05-27T06:29:11.690965Z[0m [32m INFO[0m [1msplit_zip_to_parquet[0m[1m{[0m[3mzip[0m[2m=[0massets/zips/PUBLIC_P5MINFCST_202505111645_0000000462854667.zip[1m}[0m[2m:[0m [2mnemscraper::process::split[0m[2m:[0m starting split_zip_to_parquet
[2m2025-05-27T06:29:11.692356Z[0m [32m INFO[0m [2mnemscraper::process::chunk[0m[2m:[0m splitting into chunks [3mtable[0m[2m=[0mPUBLIC_P5MINFCST_202505111645_0000000462854667.CSV [3mschema[0m[2m=[0mP5MIN_FCAS_REQ_RUN [3mrows[0m[2m=[0m1
[2m2025-05-27T06:29:11.692483Z[0m [32m INFO[0m [2mnemscraper::process::chunk[0m[2m:[0m splitting into chunks [3mtable[0m[2m=[0mPUBLIC_P5MINFCST_202505111645_0000000462854667.CSV [3mschema[0m[2m=[0mP5MIN_FCAS_REQ_CONSTRAINT [3mrows[0m[2m=[0m5892
[2m2025-05-27T06:29:11.693042Z[0m [32m INFO[0m [2mnemscraper::process::chunk[0m[2m:[0m processed file [3mtable[0m[2m=[0mPUBLIC_P5MINFCST_202505111645_0000000462854667.CSV [3mschema[0m[2m=[0mP5MIN_FCAS_REQ_RUN [3mrows[0m[2m=[0m1
[2m2025-05-27T06:29:11.698665Z[0m [32m INFO[0m [2mnemscraper::process::chunk[0m[2m:[0m processed file [3mtable[0m[2m=[0mPUBLIC_P5MINFCST_202505111645_0000000462854667.CSV [3mschema[0m[2m=[0mP5MIN_FCAS_REQ_CONSTRAINT [3mrows[0m[2m=[0m5892
[2m2025-05-27T06:29:11.698783Z[0m [32m INFO[0m [1msplit_zip_to_parquet[0m[1m{[0m[3mzip[0m[2m=[0massets/zips/PUBLIC_P5MINFCST_202505111645_0000000462854667.zip[1m}[0m[2m:[0m [2mnemscraper::process::split[0m[2m:[0m close [3mtime.busy[0m[2m=[0m7.82ms [3mtime.idle[0m[2m=[0m2.40µs
[2m2025-05-27T06:29:11.702539Z[0m [32m INFO[0m [2mnemscraper[0m[2m:[0m deleted zip PUBLIC_P5MINFCST_202505111645_0000000462854667.zip
[2m2025-05-27T06:29:12.646144Z[0m [32m INFO[0m [2mnemscraper[0m[2m:[0m downloading https://nemweb.com.au/Reports/Current/Trading_IRSR/PUBLIC_TRADING_IRSR_202505250600_0000000464762411.zip [3mname[0m[2m=[0mPUBLIC_TRADING_IRSR_202505250600_0000000464762411.zip
[2m2025-05-27T06:29:12.647104Z[0m [32m INFO[0m [2mnemscraper[0m[2m:[0m processing PUBLIC_PREDISPATCHIS_202505171000_20250517093215.zip
[2m2025-05-27T06:29:12.649139Z[0m [32m INFO[0m [1msplit_zip_to_parquet[0m[1m{[0m[3mzip[0m[2m=[0massets/zips/PUBLIC_PREDISPATCHIS_202505171000_20250517093215.zip[1m}[0m[2m:[0m [2mnemscraper::process::split[0m[2m:[0m starting split_zip_to_parquet
[2m2025-05-27T06:29:12.659779Z[0m [32m INFO[0m [2mnemscraper::process::chunk[0m[2m:[0m splitting into chunks [3mtable[0m[2m=[0mPUBLIC_PREDISPATCHIS_202505171000_20250517093215.CSV [3mschema[0m[2m=[0mPREDISPATCH_CASE_SOLUTION [3mrows[0m[2m=[0m1
[2m2025-05-27T06:29:12.659866Z[0m [32m INFO[0m [2mnemscraper::process::chunk[0m[2m:[0m splitting into chunks [3mtable[0m[2m=[0mPUBLIC_PREDISPATCHIS_202505171000_20250517093215.CSV [3mschema[0m[2m=[0mPREDISPATCH_LOCAL_PRICE [3mrows[0m[2m=[0m2008
[2m2025-05-27T06:29:12.659915Z[0m [32m INFO[0m [2mnemscraper::process::chunk[0m[2m:[0m splitting into chunks [3mtable[0m[2m=[0mPUBLIC_PREDISPATCHIS_202505171000_20250517093215.CSV [3mschema[0m[2m=[0mPREDISPATCH_REGION_SOLUTION [3mrows[0m[2m=[0m185
[2m2025-05-27T06:29:12.659952Z[0m [32m INFO[0m [2mnemscraper::process::chunk[0m[2m:[0m splitting into chunks [3mtable[0m[2m=[0mPUBLIC_PREDISPATCHIS_202505171000_20250517093215.CSV [3mschema[0m[2m=[0mPREDISPATCH_REGION_PRICES [3mrows[0m[2m=[0m185
[2m2025-05-27T06:29:12.660263Z[0m [32m INFO[0m [2mnemscraper::process::chunk[0m[2m:[0m splitting into chunks [3mtable[0m[2m=[0mPUBLIC_PREDISPATCHIS_202505171000_20250517093215.CSV [3mschema[0m[2m=[0mPREDISPATCH_INTERCONNECTOR_SOLN [3mrows[0m[2m=[0m222
[2m2025-05-27T06:29:12.660870Z[0m [32m INFO[0m [2mnemscraper::process::chunk[0m[2m:[0m processed file [3mtable[0m[2m=[0mPUBLIC_PREDISPATCHIS_202505171000_20250517093215.CSV [3mschema[0m[2m=[0mPREDISPATCH_CASE_SOLUTION [3mrows[0m[2m=[0m1
[2m2025-05-27T06:29:12.663961Z[0m [32m INFO[0m [2mnemscraper::process::chunk[0m[2m:[0m splitting into chunks [3mtable[0m[2m=[0mPUBLIC_PREDISPATCHIS_202505171000_20250517093215.CSV [3mschema[0m[2m=[0mPREDISPATCH_CONSTRAINT_SOLUTION [3mrows[0m[2m=[0m31426
[2m2025-05-27T06:29:12.665671Z[0m [32m INFO[0m [2mnemscraper::process::chunk[0m[2m:[0m processed file [3mtable[0m[2m=[0mPUBLIC_PREDISPATCHIS_202505171000_20250517093215.CSV [3mschema[0m[2m=[0mPREDISPATCH_LOCAL_PRICE [3mrows[0m[2m=[0m2008
[2m2025-05-27T06:29:12.669350Z[0m [32m INFO[0m [2mnemscraper::process::chunk[0m[2m:[0m processed file [3mtable[0m[2m=[0mPUBLIC_PREDISPATCHIS_202505171000_20250517093215.CSV [3mschema[0m[2m=[0mPREDISPATCH_INTERCONNECTOR_SOLN [3mrows[0m[2m=[0m222
[2m2025-05-27T06:29:12.670326Z[0m [32m INFO[0m [2mnemscraper::process::chunk[0m[2m:[0m processed file [3mtable[0m[2m=[0mPUBLIC_PREDISPATCHIS_202505171000_20250517093215.CSV [3mschema[0m[2m=[0mPREDISPATCH_REGION_PRICES [3mrows[0m[2m=[0m185
[2m2025-05-27T06:29:12.678013Z[0m [32m INFO[0m [2mnemscraper::process::chunk[0m[2m:[0m processed file [3mtable[0m[2m=[0mPUBLIC_PREDISPATCHIS_202505171000_20250517093215.CSV [3mschema[0m[2m=[0mPREDISPATCH_REGION_SOLUTION [3mrows[0m[2m=[0m185
[2m2025-05-27T06:29:12.708003Z[0m [32m INFO[0m [2mnemscraper::process::chunk[0m[2m:[0m processed file [3mtable[0m[2m=[0mPUBLIC_PREDISPATCHIS_202505171000_20250517093215.CSV [3mschema[0m[2m=[0mPREDISPATCH_CONSTRAINT_SOLUTION [3mrows[0m[2m=[0m31426
[2m2025-05-27T06:29:12.708309Z[0m [32m INFO[0m [1msplit_zip_to_parquet[0m[1m{[0m[3mzip[0m[2m=[0massets/zips/PUBLIC_PREDISPATCHIS_202505171000_20250517093215.zip[1m}[0m[2m:[0m [2mnemscraper::process::split[0m[2m:[0m close [3mtime.busy[0m[2m=[0m59.2ms [3mtime.idle[0m[2m=[0m2.15µs
[2m2025-05-27T06:29:12.713705Z[0m [32m INFO[0m [2mnemscraper[0m[2m:[0m deleted zip PUBLIC_PREDISPATCHIS_202505171000_20250517093215.zip
[2m2025-05-27T06:29:12.806880Z[0m [32m INFO[0m [2mnemscraper[0m[2m:[0m downloading https://nemweb.com.au/Reports/Current/P5MINFCST/PUBLIC_P5MINFCST_202412311815_0000000445391756.zip [3mname[0m[2m=[0mPUBLIC_P5MINFCST_202412311815_0000000445391756.zip
[2m2025-05-27T06:29:12.807774Z[0m [32m INFO[0m [2mnemscraper[0m[2m:[0m processing PUBLIC_TRADING_IRSR_202505250600_0000000464762411.zip
[2m2025-05-27T06:29:12.808618Z[0m [32m INFO[0m [1msplit_zip_to_parquet[0m[1m{[0m[3mzip[0m[2m=[0massets/zips/PUBLIC_TRADING_IRSR_202505250600_0000000464762411.zip[1m}[0m[2m:[0m [2mnemscraper::process::split[0m[2m:[0m starting split_zip_to_parquet
[2m2025-05-27T06:29:12.808728Z[0m [32m INFO[0m [1msplit_zip_to_parquet[0m[1m{[0m[3mzip[0m[2m=[0massets/zips/PUBLIC_TRADING_IRSR_202505250600_0000000464762411.zip[1m}[0m[2m:[0m [2mnemscraper::process::chunk[0m[2m:[0m splitting into chunks [3mtable[0m[2m=[0mPUBLIC_TRADING_IRSR_202505250600_0000000464762411.CSV [3mschema[0m[2m=[0mTRADING_IRSR [3mrows[0m[2m=[0m12
[2m2025-05-27T06:29:12.809183Z[0m [32m INFO[0m [1msplit_zip_to_parquet[0m[1m{[0m[3mzip[0m[2m=[0massets/zips/PUBLIC_TRADING_IRSR_202505250600_0000000464762411.zip[1m}[0m[2m:[0m [2mnemscraper::process::chunk[0m[2m:[0m processed file [3mtable[0m[2m=[0mPUBLIC_TRADING_IRSR_202505250600_0000000464762411.CSV [3mschema[0m[2m=[0mTRADING_IRSR [3mrows[0m[2m=[0m12
[2m2025-05-27T06:29:12.809215Z[0m [32m INFO[0m [1msplit_zip_to_parquet[0m[1m{[0m[3mzip[0m[2m=[0massets/zips/PUBLIC_TRADING_IRSR_202505250600_0000000464762411.zip[1m}[0m[2m:[0m [2mnemscraper::process::split[0m[2m:[0m close [3mtime.busy[0m[2m=[0m599µs [3mtime.idle[0m[2m=[0m2.35µs
[2m2025-05-27T06:29:12.813903Z[0m [32m INFO[0m [2mnemscraper[0m[2m:[0m deleted zip PUBLIC_TRADING_IRSR_202505250600_0000000464762411.zip
[2m2025-05-27T06:29:12.965102Z[0m [32m INFO[0m [2mnemscraper[0m[2m:[0m downloading https://nemweb.com.au/Reports/Current/P5MINFCST/PUBLIC_P5MINFCST_202505080750_0000000462378786.zip [3mname[0m[2m=[0mPUBLIC_P5MINFCST_202505080750_0000000462378786.zip
[2m2025-05-27T06:29:12.965780Z[0m [32m INFO[0m [2mnemscraper[0m[2m:[0m processing PUBLIC_P5MINFCST_202412311815_0000000445391756.zip
[2m2025-05-27T06:29:12.966417Z[0m [32m INFO[0m [1msplit_zip_to_parquet[0m[1m{[0m[3mzip[0m[2m=[0massets/zips/PUBLIC_P5MINFCST_202412311815_0000000445391756.zip[1m}[0m[2m:[0m [2mnemscraper::process::split[0m[2m:[0m starting split_zip_to_parquet
[2m2025-05-27T06:29:12.967306Z[0m [32m INFO[0m [2mnemscraper::process::chunk[0m[2m:[0m splitting into chunks [3mtable[0m[2m=[0mPUBLIC_P5MINFCST_202412311815_0000000445391756.CSV [3mschema[0m[2m=[0mP5MIN_FCAS_REQ_RUN [3mrows[0m[2m=[0m1
[2m2025-05-27T06:29:12.967453Z[0m [32m INFO[0m [2mnemscraper::process::chunk[0m[2m:[0m splitting into chunks [3mtable[0m[2m=[0mPUBLIC_P5MINFCST_202412311815_0000000445391756.CSV [3mschema[0m[2m=[0mP5MIN_FCAS_REQ_CONSTRAINT [3mrows[0m[2m=[0m5916
[2m2025-05-27T06:29:12.967699Z[0m [32m INFO[0m [2mnemscraper::process::chunk[0m[2m:[0m processed file [3mtable[0m[2m=[0mPUBLIC_P5MINFCST_202412311815_0000000445391756.CSV [3mschema[0m[2m=[0mP5MIN_FCAS_REQ_RUN [3mrows[0m[2m=[0m1
[2m2025-05-27T06:29:12.972984Z[0m [32m INFO[0m [2mnemscraper::process::chunk[0m[2m:[0m processed file [3mtable[0m[2m=[0mPUBLIC_P5MINFCST_202412311815_0000000445391756.CSV [3mschema[0m[2m=[0mP5MIN_FCAS_REQ_CONSTRAINT [3mrows[0m[2m=[0m5916
[2m2025-05-27T06:29:12.973030Z[0m [32m INFO[0m [1msplit_zip_to_parquet[0m[1m{[0m[3mzip[0m[2m=[0massets/zips/PUBLIC_P5MINFCST_202412311815_0000000445391756.zip[1m}[0m[2m:[0m [2mnemscraper::process::split[0m[2m:[0m close [3mtime.busy[0m[2m=[0m6.61ms [3mtime.idle[0m[2m=[0m4.21µs
[2m2025-05-27T06:29:12.976510Z[0m [32m INFO[0m [2mnemscraper[0m[2m:[0m deleted zip PUBLIC_P5MINFCST_202412311815_0000000445391756.zip
[2m2025-05-27T06:29:13.125198Z[0m [32m INFO[0m [2mnemscraper[0m[2m:[0m downloading https://nemweb.com.au/Reports/Current/P5MINFCST/PUBLIC_P5MINFCST_202501251141_0000000448417735.zip [3mname[0m[2m=[0mPUBLIC_P5MINFCST_202501251141_0000000448417735.zip
[2m2025-05-27T06:29:13.125958Z[0m [32m INFO[0m [2mnemscraper[0m[2m:[0m processing PUBLIC_P5MINFCST_202505080750_0000000462378786.zip
[2m2025-05-27T06:29:13.126673Z[0m [32m INFO[0m [1msplit_zip_to_parquet[0m[1m{[0m[3mzip[0m[2m=[0massets/zips/PUBLIC_P5MINFCST_202505080750_0000000462378786.zip[1m}[0m[2m:[0m [2mnemscraper::process::split[0m[2m:[0m starting split_zip_to_parquet
[2m2025-05-27T06:29:13.127650Z[0m [32m INFO[0m [2mnemscraper::process::chunk[0m[2m:[0m splitting into chunks [3mtable[0m[2m=[0mPUBLIC_P5MINFCST_202505080750_0000000462378786.CSV [3mschema[0m[2m=[0mP5MIN_FCAS_REQ_RUN [3mrows[0m[2m=[0m1
[2m2025-05-27T06:29:13.127813Z[0m [32m INFO[0m [2mnemscraper::process::chunk[0m[2m:[0m splitting into chunks [3mtable[0m[2m=[0mPUBLIC_P5MINFCST_202505080750_0000000462378786.CSV [3mschema[0m[2m=[0mP5MIN_FCAS_REQ_CONSTRAINT [3mrows[0m[2m=[0m5892
[2m2025-05-27T06:29:13.128012Z[0m [32m INFO[0m [2mnemscraper::process::chunk[0m[2m:[0m processed file [3mtable[0m[2m=[0mPUBLIC_P5MINFCST_202505080750_0000000462378786.CSV [3mschema[0m[2m=[0mP5MIN_FCAS_REQ_RUN [3mrows[0m[2m=[0m1
[2m2025-05-27T06:29:13.133621Z[0m [32m INFO[0m [2mnemscraper::process::chunk[0m[2m:[0m processed file [3mtable[0m[2m=[0mPUBLIC_P5MINFCST_202505080750_0000000462378786.CSV [3mschema[0m[2m=[0mP5MIN_FCAS_REQ_CONSTRAINT [3mrows[0m[2m=[0m5892
[2m2025-05-27T06:29:13.133729Z[0m [32m INFO[0m [1msplit_zip_to_parquet[0m[1m{[0m[3mzip[0m[2m=[0massets/zips/PUBLIC_P5MINFCST_202505080750_0000000462378786.zip[1m}[0m[2m:[0m [2mnemscraper::process::split[0m[2m:[0m close [3mtime.busy[0m[2m=[0m7.06ms [3mtime.idle[0m[2m=[0m1.67µs
[2m2025-05-27T06:29:13.137140Z[0m [32m INFO[0m [2mnemscraper[0m[2m:[0m deleted zip PUBLIC_P5MINFCST_202505080750_0000000462378786.zip
[2m2025-05-27T06:29:13.299530Z[0m [32m INFO[0m [2mnemscraper[0m[2m:[0m downloading https://nemweb.com.au/Reports/Current/SEVENDAYOUTLOOK_PEAK/PUBLIC_SEVENDAYOUTLOOK_PEAK_20250410000629_0000000458511709.zip [3mname[0m[2m=[0mPUBLIC_SEVENDAYOUTLOOK_PEAK_20250410000629_0000000458511709.zip
[2m2025-05-27T06:29:13.300282Z[0m [32m INFO[0m [2mnemscraper[0m[2m:[0m processing PUBLIC_P5MINFCST_202501251141_0000000448417735.zip
[2m2025-05-27T06:29:13.300883Z[0m [32m INFO[0m [1msplit_zip_to_parquet[0m[1m{[0m[3mzip[0m[2m=[0massets/zips/PUBLIC_P5MINFCST_202501251141_0000000448417735.zip[1m}[0m[2m:[0m [2mnemscraper::process::split[0m[2m:[0m starting split_zip_to_parquet
[2m2025-05-27T06:29:13.302004Z[0m [32m INFO[0m [2mnemscraper::process::chunk[0m[2m:[0m splitting into chunks [3mtable[0m[2m=[0mPUBLIC_P5MINFCST_202501251141_0000000448417735.CSV [3mschema[0m[2m=[0mP5MIN_FCAS_REQ_RUN [3mrows[0m[2m=[0m1
[2m2025-05-27T06:29:13.302172Z[0m [32m INFO[0m [2mnemscraper::process::chunk[0m[2m:[0m splitting into chunks [3mtable[0m[2m=[0mPUBLIC_P5MINFCST_202501251141_0000000448417735.CSV [3mschema[0m[2m=[0mP5MIN_FCAS_REQ_CONSTRAINT [3mrows[0m[2m=[0m6024
[2m2025-05-27T06:29:13.302384Z[0m [32m INFO[0m [2mnemscraper::process::chunk[0m[2m:[0m processed file [3mtable[0m[2m=[0mPUBLIC_P5MINFCST_202501251141_0000000448417735.CSV [3mschema[0m[2m=[0mP5MIN_FCAS_REQ_RUN [3mrows[0m[2m=[0m1
[2m2025-05-27T06:29:13.307908Z[0m [32m INFO[0m [2mnemscraper::process::chunk[0m[2m:[0m processed file [3mtable[0m[2m=[0mPUBLIC_P5MINFCST_202501251141_0000000448417735.CSV [3mschema[0m[2m=[0mP5MIN_FCAS_REQ_CONSTRAINT [3mrows[0m[2m=[0m6024
[2m2025-05-27T06:29:13.308113Z[0m [32m INFO[0m [1msplit_zip_to_parquet[0m[1m{[0m[3mzip[0m[2m=[0massets/zips/PUBLIC_P5MINFCST_202501251141_0000000448417735.zip[1m}[0m[2m:[0m [2mnemscraper::process::split[0m[2m:[0m close [3mtime.busy[0m[2m=[0m7.23ms [3mtime.idle[0m[2m=[0m1.79µs
[2m2025-05-27T06:29:13.311630Z[0m [32m INFO[0m [2mnemscraper[0m[2m:[0m deleted zip PUBLIC_P5MINFCST_202501251141_0000000448417735.zip
[2m2025-05-27T06:29:13.524981Z[0m [32m INFO[0m [2mnemscraper[0m[2m:[0m downloading https://nemweb.com.au/Reports/Current/Causer_Pays/FCAS_202504280225.zip [3mname[0m[2m=[0mFCAS_202504280225.zip
[2m2025-05-27T06:29:13.525817Z[0m [32m INFO[0m [2mnemscraper[0m[2m:[0m processing PUBLIC_SEVENDAYOUTLOOK_PEAK_20250410000629_0000000458511709.zip
[2m2025-05-27T06:29:13.526529Z[0m [32m INFO[0m [1msplit_zip_to_parquet[0m[1m{[0m[3mzip[0m[2m=[0massets/zips/PUBLIC_SEVENDAYOUTLOOK_PEAK_20250410000629_0000000458511709.zip[1m}[0m[2m:[0m [2mnemscraper::process::split[0m[2m:[0m starting split_zip_to_parquet
[2m2025-05-27T06:29:13.526653Z[0m [32m INFO[0m [1msplit_zip_to_parquet[0m[1m{[0m[3mzip[0m[2m=[0massets/zips/PUBLIC_SEVENDAYOUTLOOK_PEAK_20250410000629_0000000458511709.zip[1m}[0m[2m:[0m [2mnemscraper::process::chunk[0m[2m:[0m splitting into chunks [3mtable[0m[2m=[0mPUBLIC_SEVENDAYOUTLOOK_PEAK_20250410000629_0000000458511709.CSV [3mschema[0m[2m=[0mSEVENDAYOUTLOOK_PEAK [3mrows[0m[2m=[0m175
[2m2025-05-27T06:29:13.527325Z[0m [32m INFO[0m [1msplit_zip_to_parquet[0m[1m{[0m[3mzip[0m[2m=[0massets/zips/PUBLIC_SEVENDAYOUTLOOK_PEAK_20250410000629_0000000458511709.zip[1m}[0m[2m:[0m [2mnemscraper::process::chunk[0m[2m:[0m processed file [3mtable[0m[2m=[0mPUBLIC_SEVENDAYOUTLOOK_PEAK_20250410000629_0000000458511709.CSV [3mschema[0m[2m=[0mSEVENDAYOUTLOOK_PEAK [3mrows[0m[2m=[0m175
[2m2025-05-27T06:29:13.527348Z[0m [32m INFO[0m [1msplit_zip_to_parquet[0m[1m{[0m[3mzip[0m[2m=[0massets/zips/PUBLIC_SEVENDAYOUTLOOK_PEAK_20250410000629_0000000458511709.zip[1m}[0m[2m:[0m [2mnemscraper::process::split[0m[2m:[0m close [3mtime.busy[0m[2m=[0m821µs [3mtime.idle[0m[2m=[0m1.67µs
[2m2025-05-27T06:29:13.532151Z[0m [32m INFO[0m [2mnemscraper[0m[2m:[0m deleted zip PUBLIC_SEVENDAYOUTLOOK_PEAK_20250410000629_0000000458511709.zip
